{
  "stats": {
    "suites": 1,
    "tests": 1,
    "passes": 1,
    "pending": 0,
    "failures": 0,
    "start": "2023-08-01T16:28:11.853Z",
    "end": "2023-08-01T16:28:18.976Z",
    "duration": 7123,
    "testsRegistered": 1,
    "passPercent": 100,
    "pendingPercent": 0,
    "other": 0,
    "hasOther": false,
    "skipped": 0,
    "hasSkipped": false
  },
  "results": [
    {
      "uuid": "95ea6360-2358-4db3-8fa8-9896960d9611",
      "title": "",
      "fullFile": "cypress/e2e/selecteurCss.cy.js",
      "file": "cypress/e2e/selecteurCss.cy.js",
      "beforeHooks": [],
      "afterHooks": [],
      "tests": [],
      "suites": [
        {
          "uuid": "07a2c408-dbdc-4884-b8b1-2dca58238449",
          "title": "Sélecteur Css",
          "fullFile": "",
          "file": "",
          "beforeHooks": [],
          "afterHooks": [],
          "tests": [
            {
              "title": "dropdown",
              "fullTitle": "Sélecteur Css dropdown",
              "timedOut": null,
              "duration": 6105,
              "state": "passed",
              "speed": "medium",
              "pass": true,
              "fail": false,
              "pending": false,
              "context": null,
              "code": "cy.get(\".oxd-sidepanel-body\").contains(\"Admin\").click();\n//1 dropdown avec nom de balise select utiliser l'url cy.visit(\"https://ultimateqa.com/simple-html-elements-for-automation/\");\n//   utiliser get(select) pour sélectionner l'élement\n//  faire l'assert\n//2 avec un element de la liste\n// cy.get(\".oxd-topbar-body-nav-tab-item\").eq(1).click();\n// cy.get(\".oxd-dropdown-menu\").contains(\"Employment Status\").click();\n// cy.get(\".orangehrm-main-title\").should(\"have.text\", \"Employment Status\");\n//3 dropdown avec balise liste d'element\ncy.get(\".oxd-topbar-body-nav-tab-item\").eq(1).click();\nfor (let index = 0; index < 4; index++) {\n  cy.get(\".oxd-topbar-body-nav-tab-item\").eq(1).click();\n  cy.get('[role=\"menuitem\"]').eq(index).then(el => {\n    cy.wrap(el).click();\n    const textElement = el.text();\n    cy.get(\".orangehrm-main-title\").should(\"contain\", textElement);\n  });\n}",
              "err": {},
              "uuid": "7bdf56c2-0032-4fd9-a893-411c94d7b924",
              "parentUUID": "07a2c408-dbdc-4884-b8b1-2dca58238449",
              "isHook": false,
              "skipped": false
            }
          ],
          "suites": [],
          "passes": [
            "7bdf56c2-0032-4fd9-a893-411c94d7b924"
          ],
          "failures": [],
          "pending": [],
          "skipped": [],
          "duration": 6105,
          "root": false,
          "rootEmpty": false,
          "_timeout": 2000
        }
      ],
      "passes": [],
      "failures": [],
      "pending": [],
      "skipped": [],
      "duration": 0,
      "root": true,
      "rootEmpty": true,
      "_timeout": 2000
    }
  ],
  "meta": {
    "mocha": {
      "version": "7.0.1"
    },
    "mochawesome": {
      "options": {
        "quiet": false,
        "reportFilename": "mochawesome",
        "saveHtml": false,
        "saveJson": true,
        "consoleReporter": "spec",
        "useInlineDiffs": false,
        "code": true
      },
      "version": "7.1.3"
    },
    "marge": {
      "options": {
        "reportDir": "cypress/results/mochawesome",
        "overwrite": false,
        "html": false,
        "json": true
      },
      "version": "6.2.0"
    }
  }
}