{
  "stats": {
    "suites": 1,
    "tests": 1,
    "passes": 1,
    "pending": 0,
    "failures": 0,
    "start": "2023-07-31T17:51:30.525Z",
    "end": "2023-07-31T17:51:37.148Z",
    "duration": 6623,
    "testsRegistered": 1,
    "passPercent": 100,
    "pendingPercent": 0,
    "other": 0,
    "hasOther": false,
    "skipped": 0,
    "hasSkipped": false
  },
  "results": [
    {
      "uuid": "f3abbb6b-e4aa-4fe1-a1df-84a60874d78c",
      "title": "",
      "fullFile": "cypress/e2e/tableau.cy.js",
      "file": "cypress/e2e/tableau.cy.js",
      "beforeHooks": [],
      "afterHooks": [],
      "tests": [],
      "suites": [
        {
          "uuid": "a5f4b2d3-9129-4baf-93df-d2dedf63c391",
          "title": "Test tableau",
          "fullFile": "",
          "file": "",
          "beforeHooks": [],
          "afterHooks": [],
          "tests": [
            {
              "title": "Suppression 1ère ligne",
              "fullTitle": "Test tableau Suppression 1ère ligne",
              "timedOut": null,
              "duration": 5653,
              "state": "passed",
              "speed": "medium",
              "pass": true,
              "fail": false,
              "pending": false,
              "context": null,
              "code": "pimmPo.accesPim();\npimmPo.selectionPremiereLigneTableau();\npimmPo.clickCaseACocher();\npimmPo.assertboutonDeleteVisible();\npimmPo.clickboutonDeletteTableau();\npimmPo.clickBoutonDelete();",
              "err": {},
              "uuid": "a0d03f43-ea24-48f3-aac7-6fb0215631c3",
              "parentUUID": "a5f4b2d3-9129-4baf-93df-d2dedf63c391",
              "isHook": false,
              "skipped": false
            }
          ],
          "suites": [],
          "passes": [
            "a0d03f43-ea24-48f3-aac7-6fb0215631c3"
          ],
          "failures": [],
          "pending": [],
          "skipped": [],
          "duration": 5653,
          "root": false,
          "rootEmpty": false,
          "_timeout": 2000
        }
      ],
      "passes": [],
      "failures": [],
      "pending": [],
      "skipped": [],
      "duration": 0,
      "root": true,
      "rootEmpty": true,
      "_timeout": 2000
    }
  ],
  "meta": {
    "mocha": {
      "version": "7.0.1"
    },
    "mochawesome": {
      "options": {
        "quiet": false,
        "reportFilename": "mochawesome",
        "saveHtml": false,
        "saveJson": true,
        "consoleReporter": "spec",
        "useInlineDiffs": false,
        "code": true
      },
      "version": "7.1.3"
    },
    "marge": {
      "options": {
        "reportDir": "cypress/results/mochawesome",
        "overwrite": false,
        "html": false,
        "json": true
      },
      "version": "6.2.0"
    }
  }
}