{
  "stats": {
    "suites": 1,
    "tests": 1,
    "passes": 1,
    "pending": 0,
    "failures": 0,
    "start": "2023-08-01T16:28:53.894Z",
    "end": "2023-08-01T16:28:59.752Z",
    "duration": 5858,
    "testsRegistered": 1,
    "passPercent": 100,
    "pendingPercent": 0,
    "other": 0,
    "hasOther": false,
    "skipped": 0,
    "hasSkipped": false
  },
  "results": [
    {
      "uuid": "5b083570-70cb-4a60-a768-fe889202f6b3",
      "title": "",
      "fullFile": "cypress/e2e/tableau.cy.js",
      "file": "cypress/e2e/tableau.cy.js",
      "beforeHooks": [],
      "afterHooks": [],
      "tests": [],
      "suites": [
        {
          "uuid": "303146ea-40fc-4eb1-8d08-893611b27198",
          "title": "Test tableau",
          "fullFile": "",
          "file": "",
          "beforeHooks": [],
          "afterHooks": [],
          "tests": [
            {
              "title": "Suppression 1ère ligne",
              "fullTitle": "Test tableau Suppression 1ère ligne",
              "timedOut": null,
              "duration": 4855,
              "state": "passed",
              "speed": "fast",
              "pass": true,
              "fail": false,
              "pending": false,
              "context": null,
              "code": "pimmPo.accesPim();\npimmPo.selectionPremiereLigneTableau();\npimmPo.clickCaseACocher();\npimmPo.assertboutonDeleteVisible();\npimmPo.clickboutonDeletteTableau();\npimmPo.clickBoutonDelete();",
              "err": {},
              "uuid": "65d3a4e4-7d3a-4c31-be96-daea26ef27c6",
              "parentUUID": "303146ea-40fc-4eb1-8d08-893611b27198",
              "isHook": false,
              "skipped": false
            }
          ],
          "suites": [],
          "passes": [
            "65d3a4e4-7d3a-4c31-be96-daea26ef27c6"
          ],
          "failures": [],
          "pending": [],
          "skipped": [],
          "duration": 4855,
          "root": false,
          "rootEmpty": false,
          "_timeout": 2000
        }
      ],
      "passes": [],
      "failures": [],
      "pending": [],
      "skipped": [],
      "duration": 0,
      "root": true,
      "rootEmpty": true,
      "_timeout": 2000
    }
  ],
  "meta": {
    "mocha": {
      "version": "7.0.1"
    },
    "mochawesome": {
      "options": {
        "quiet": false,
        "reportFilename": "mochawesome",
        "saveHtml": false,
        "saveJson": true,
        "consoleReporter": "spec",
        "useInlineDiffs": false,
        "code": true
      },
      "version": "7.1.3"
    },
    "marge": {
      "options": {
        "reportDir": "cypress/results/mochawesome",
        "overwrite": false,
        "html": false,
        "json": true
      },
      "version": "6.2.0"
    }
  }
}