{
  "stats": {
    "suites": 1,
    "tests": 1,
    "passes": 0,
    "pending": 0,
    "failures": 1,
    "start": "2023-08-01T17:45:16.017Z",
    "end": "2023-08-01T17:45:27.498Z",
    "duration": 11481,
    "testsRegistered": 1,
    "passPercent": 0,
    "pendingPercent": 0,
    "other": 0,
    "hasOther": false,
    "skipped": 0,
    "hasSkipped": false
  },
  "results": [
    {
      "uuid": "6686692d-5b87-48b9-998b-c0e6bc2f2e14",
      "title": "",
      "fullFile": "cypress/e2e/systemUsers.cy.js",
      "file": "cypress/e2e/systemUsers.cy.js",
      "beforeHooks": [],
      "afterHooks": [],
      "tests": [],
      "suites": [
        {
          "uuid": "dfee4c22-a72d-4a2c-931b-5a7f2618204b",
          "title": "Gestion des utilisateurs système ",
          "fullFile": "",
          "file": "",
          "beforeHooks": [],
          "afterHooks": [],
          "tests": [
            {
              "title": "Suppression utilisateur modifié",
              "fullTitle": "Gestion des utilisateurs système  Suppression utilisateur modifié",
              "timedOut": null,
              "duration": 10252,
              "state": "failed",
              "speed": null,
              "pass": false,
              "fail": true,
              "pending": false,
              "context": null,
              "code": "cy.get('a').contains('Admin').click();\ncy.get(':nth-child(2) > .oxd-input').type('AdminCypress2');\ncy.get('.oxd-form-actions > .oxd-button--secondary').click({\n  force: true\n});\ncy.wait(1000);\ncy.get(':nth-child(1) > .oxd-table-row > :nth-child(6) > .oxd-table-cell-actions > :nth-child(1) > .oxd-icon').click();\ncy.get('.oxd-button--label-danger').click();",
              "err": {
                "message": "AssertionError: Timed out retrying after 4000ms: Expected to find element: `:nth-child(1) > .oxd-table-row > :nth-child(6) > .oxd-table-cell-actions > :nth-child(1) > .oxd-icon`, but never found it.",
                "estack": "AssertionError: Timed out retrying after 4000ms: Expected to find element: `:nth-child(1) > .oxd-table-row > :nth-child(6) > .oxd-table-cell-actions > :nth-child(1) > .oxd-icon`, but never found it.\n    at Context.eval (webpack:///./cypress/e2e/systemUsers.cy.js:68:4)",
                "diff": null
              },
              "uuid": "59435078-259d-4dae-ad0b-6adf9814e58e",
              "parentUUID": "dfee4c22-a72d-4a2c-931b-5a7f2618204b",
              "isHook": false,
              "skipped": false
            }
          ],
          "suites": [],
          "passes": [],
          "failures": [
            "59435078-259d-4dae-ad0b-6adf9814e58e"
          ],
          "pending": [],
          "skipped": [],
          "duration": 10252,
          "root": false,
          "rootEmpty": false,
          "_timeout": 2000
        }
      ],
      "passes": [],
      "failures": [],
      "pending": [],
      "skipped": [],
      "duration": 0,
      "root": true,
      "rootEmpty": true,
      "_timeout": 2000
    }
  ],
  "meta": {
    "mocha": {
      "version": "7.0.1"
    },
    "mochawesome": {
      "options": {
        "quiet": false,
        "reportFilename": "mochawesome",
        "saveHtml": false,
        "saveJson": true,
        "consoleReporter": "spec",
        "useInlineDiffs": false,
        "code": true
      },
      "version": "7.1.3"
    },
    "marge": {
      "options": {
        "reportDir": "cypress/results/mochawesome",
        "overwrite": false,
        "html": false,
        "json": true
      },
      "version": "6.2.0"
    }
  }
}