{
  "stats": {
    "suites": 1,
    "tests": 1,
    "passes": 1,
    "pending": 0,
    "failures": 0,
    "start": "2023-05-03T17:25:49.685Z",
    "end": "2023-05-03T17:25:56.479Z",
    "duration": 6794,
    "testsRegistered": 1,
    "passPercent": 100,
    "pendingPercent": 0,
    "other": 0,
    "hasOther": false,
    "skipped": 0,
    "hasSkipped": false
  },
  "results": [
    {
      "uuid": "887d3656-8d40-4533-aa4f-6932472924b5",
      "title": "",
      "fullFile": "cypress/e2e/tableau.cy.js",
      "file": "cypress/e2e/tableau.cy.js",
      "beforeHooks": [],
      "afterHooks": [],
      "tests": [],
      "suites": [
        {
          "uuid": "45f8f8f4-6572-4b0d-9e04-f21bfb2faf79",
          "title": "Test tableau",
          "fullFile": "",
          "file": "",
          "beforeHooks": [],
          "afterHooks": [],
          "tests": [
            {
              "title": "Suppression 1ère ligne",
              "fullTitle": "Test tableau Suppression 1ère ligne",
              "timedOut": null,
              "duration": 5776,
              "state": "passed",
              "speed": "medium",
              "pass": true,
              "fail": false,
              "pending": false,
              "context": null,
              "code": "pimmPo.accesPim();\npimmPo.selectionPremiereLigneTableau();\npimmPo.clickCaseACocher();\npimmPo.assertboutonDeleteVisible();\npimmPo.clickboutonDeletteTableau();\npimmPo.clickBoutonDelete();",
              "err": {},
              "uuid": "15a43a74-11ac-4c99-9756-0cbccb6b2720",
              "parentUUID": "45f8f8f4-6572-4b0d-9e04-f21bfb2faf79",
              "isHook": false,
              "skipped": false
            }
          ],
          "suites": [],
          "passes": [
            "15a43a74-11ac-4c99-9756-0cbccb6b2720"
          ],
          "failures": [],
          "pending": [],
          "skipped": [],
          "duration": 5776,
          "root": false,
          "rootEmpty": false,
          "_timeout": 2000
        }
      ],
      "passes": [],
      "failures": [],
      "pending": [],
      "skipped": [],
      "duration": 0,
      "root": true,
      "rootEmpty": true,
      "_timeout": 2000
    }
  ],
  "meta": {
    "mocha": {
      "version": "7.0.1"
    },
    "mochawesome": {
      "options": {
        "quiet": false,
        "reportFilename": "mochawesome",
        "saveHtml": false,
        "saveJson": true,
        "consoleReporter": "spec",
        "useInlineDiffs": false,
        "code": true
      },
      "version": "7.1.3"
    },
    "marge": {
      "options": {
        "reportDir": "cypress/results/mochawesome",
        "overwrite": false,
        "html": false,
        "json": true
      },
      "version": "6.2.0"
    }
  }
}