{
  "stats": {
    "suites": 1,
    "tests": 1,
    "passes": 1,
    "pending": 0,
    "failures": 0,
    "start": "2023-08-01T16:28:25.094Z",
    "end": "2023-08-01T16:28:26.540Z",
    "duration": 1446,
    "testsRegistered": 1,
    "passPercent": 100,
    "pendingPercent": 0,
    "other": 0,
    "hasOther": false,
    "skipped": 0,
    "hasSkipped": false
  },
  "results": [
    {
      "uuid": "8dbea47c-c48e-4554-95e1-699cbbb23ac8",
      "title": "",
      "fullFile": "cypress/e2e/spec.cy.js",
      "file": "cypress/e2e/spec.cy.js",
      "beforeHooks": [],
      "afterHooks": [],
      "tests": [],
      "suites": [
        {
          "uuid": "bc719db1-0543-44d7-b8d5-a9bd741458b0",
          "title": "template spec",
          "fullFile": "",
          "file": "",
          "beforeHooks": [],
          "afterHooks": [],
          "tests": [
            {
              "title": "passes",
              "fullTitle": "template spec passes",
              "timedOut": null,
              "duration": 541,
              "state": "passed",
              "speed": "fast",
              "pass": true,
              "fail": false,
              "pending": false,
              "context": null,
              "code": "cy.visit(\"https://example.cypress.io\");",
              "err": {},
              "uuid": "190a1cf5-92c6-4e20-ad76-89920979f268",
              "parentUUID": "bc719db1-0543-44d7-b8d5-a9bd741458b0",
              "isHook": false,
              "skipped": false
            }
          ],
          "suites": [],
          "passes": [
            "190a1cf5-92c6-4e20-ad76-89920979f268"
          ],
          "failures": [],
          "pending": [],
          "skipped": [],
          "duration": 541,
          "root": false,
          "rootEmpty": false,
          "_timeout": 2000
        }
      ],
      "passes": [],
      "failures": [],
      "pending": [],
      "skipped": [],
      "duration": 0,
      "root": true,
      "rootEmpty": true,
      "_timeout": 2000
    }
  ],
  "meta": {
    "mocha": {
      "version": "7.0.1"
    },
    "mochawesome": {
      "options": {
        "quiet": false,
        "reportFilename": "mochawesome",
        "saveHtml": false,
        "saveJson": true,
        "consoleReporter": "spec",
        "useInlineDiffs": false,
        "code": true
      },
      "version": "7.1.3"
    },
    "marge": {
      "options": {
        "reportDir": "cypress/results/mochawesome",
        "overwrite": false,
        "html": false,
        "json": true
      },
      "version": "6.2.0"
    }
  }
}