{
  "stats": {
    "suites": 1,
    "tests": 1,
    "passes": 1,
    "pending": 0,
    "failures": 0,
    "start": "2023-08-01T16:27:45.809Z",
    "end": "2023-08-01T16:27:45.907Z",
    "duration": 98,
    "testsRegistered": 1,
    "passPercent": 100,
    "pendingPercent": 0,
    "other": 0,
    "hasOther": false,
    "skipped": 0,
    "hasSkipped": false
  },
  "results": [
    {
      "uuid": "231764e4-3d78-4fe3-8347-892e48c79f0f",
      "title": "",
      "fullFile": "cypress/e2e/frameworkMocha.cy.js",
      "file": "cypress/e2e/frameworkMocha.cy.js",
      "beforeHooks": [],
      "afterHooks": [],
      "tests": [],
      "suites": [
        {
          "uuid": "0633e09e-4453-4bb9-b63f-1adc5227ac85",
          "title": "Framework Mocha",
          "fullFile": "",
          "file": "",
          "beforeHooks": [],
          "afterHooks": [],
          "tests": [
            {
              "title": "Mocha avec Cypress 1",
              "fullTitle": "Framework Mocha Mocha avec Cypress 1",
              "timedOut": null,
              "duration": 54,
              "state": "passed",
              "speed": "fast",
              "pass": true,
              "fail": false,
              "pending": false,
              "context": null,
              "code": "cy.log(\"Mon test mocha 1\");",
              "err": {},
              "uuid": "93c59ad1-a32d-45b2-adc5-12dfbeb75564",
              "parentUUID": "0633e09e-4453-4bb9-b63f-1adc5227ac85",
              "isHook": false,
              "skipped": false
            }
          ],
          "suites": [],
          "passes": [
            "93c59ad1-a32d-45b2-adc5-12dfbeb75564"
          ],
          "failures": [],
          "pending": [],
          "skipped": [],
          "duration": 54,
          "root": false,
          "rootEmpty": false,
          "_timeout": 2000
        }
      ],
      "passes": [],
      "failures": [],
      "pending": [],
      "skipped": [],
      "duration": 0,
      "root": true,
      "rootEmpty": true,
      "_timeout": 2000
    }
  ],
  "meta": {
    "mocha": {
      "version": "7.0.1"
    },
    "mochawesome": {
      "options": {
        "quiet": false,
        "reportFilename": "mochawesome",
        "saveHtml": false,
        "saveJson": true,
        "consoleReporter": "spec",
        "useInlineDiffs": false,
        "code": true
      },
      "version": "7.1.3"
    },
    "marge": {
      "options": {
        "reportDir": "cypress/results/mochawesome",
        "overwrite": false,
        "html": false,
        "json": true
      },
      "version": "6.2.0"
    }
  }
}