{
  "stats": {
    "suites": 1,
    "tests": 1,
    "passes": 1,
    "pending": 0,
    "failures": 0,
    "start": "2023-07-31T17:50:22.108Z",
    "end": "2023-07-31T17:50:31.723Z",
    "duration": 9615,
    "testsRegistered": 1,
    "passPercent": 100,
    "pendingPercent": 0,
    "other": 0,
    "hasOther": false,
    "skipped": 0,
    "hasSkipped": false
  },
  "results": [
    {
      "uuid": "7c301c6b-5bdf-4254-a164-a4f093b9ce44",
      "title": "",
      "fullFile": "cypress/e2e/listDropdowns.cy.js",
      "file": "cypress/e2e/listDropdowns.cy.js",
      "beforeHooks": [],
      "afterHooks": [],
      "tests": [],
      "suites": [
        {
          "uuid": "2e488fb4-9914-4171-8a19-aa8daa0d1fa5",
          "title": "Sélecteur Css",
          "fullFile": "",
          "file": "",
          "beforeHooks": [],
          "afterHooks": [],
          "tests": [
            {
              "title": "Ma liste de configuration",
              "fullTitle": "Sélecteur Css Ma liste de configuration",
              "timedOut": null,
              "duration": 8398,
              "state": "passed",
              "speed": "medium",
              "pass": true,
              "fail": false,
              "pending": false,
              "context": null,
              "code": "cy.get(\".oxd-sidepanel-body\").contains(\"PIM\").click();\n// 1\n// cy.get(\".--parent\").click();\n// // cy.get(\".oxd-dropdown-menu > :nth-child(1)\").click();\n// cy.get(\".oxd-dropdown-menu\").contains(\"Optional Fields\").click();\n// cy.get(\".orangehrm-main-title\").should(\"contain\", \"Optional Fields\");\n// 2\nfor (let index = 0; index <= 4; index++) {\n  cy.get(\".--parent\").click();\n  cy.get(\".oxd-topbar-body-nav-tab-link\").eq(index).then(textElement => {\n    cy.wrap(textElement).click();\n    const element = textElement.text();\n    cy.get(\".orangehrm-main-title\").should(\"contain\", element);\n  });\n}",
              "err": {},
              "uuid": "b2e65681-ce67-4b84-b7e6-03716d228ebf",
              "parentUUID": "2e488fb4-9914-4171-8a19-aa8daa0d1fa5",
              "isHook": false,
              "skipped": false
            }
          ],
          "suites": [],
          "passes": [
            "b2e65681-ce67-4b84-b7e6-03716d228ebf"
          ],
          "failures": [],
          "pending": [],
          "skipped": [],
          "duration": 8398,
          "root": false,
          "rootEmpty": false,
          "_timeout": 2000
        }
      ],
      "passes": [],
      "failures": [],
      "pending": [],
      "skipped": [],
      "duration": 0,
      "root": true,
      "rootEmpty": true,
      "_timeout": 2000
    }
  ],
  "meta": {
    "mocha": {
      "version": "7.0.1"
    },
    "mochawesome": {
      "options": {
        "quiet": false,
        "reportFilename": "mochawesome",
        "saveHtml": false,
        "saveJson": true,
        "consoleReporter": "spec",
        "useInlineDiffs": false,
        "code": true
      },
      "version": "7.1.3"
    },
    "marge": {
      "options": {
        "reportDir": "cypress/results/mochawesome",
        "overwrite": false,
        "html": false,
        "json": true
      },
      "version": "6.2.0"
    }
  }
}