{
  "stats": {
    "suites": 1,
    "tests": 1,
    "passes": 1,
    "pending": 0,
    "failures": 0,
    "start": "2023-08-01T16:43:13.416Z",
    "end": "2023-08-01T16:43:20.005Z",
    "duration": 6589,
    "testsRegistered": 1,
    "passPercent": 100,
    "pendingPercent": 0,
    "other": 0,
    "hasOther": false,
    "skipped": 0,
    "hasSkipped": false
  },
  "results": [
    {
      "uuid": "8ef1a76e-cd4a-4ab2-b934-f833d42014ca",
      "title": "",
      "fullFile": "cypress/e2e/champDate.cy.js",
      "file": "cypress/e2e/champDate.cy.js",
      "beforeHooks": [],
      "afterHooks": [],
      "tests": [],
      "suites": [
        {
          "uuid": "7d15fa72-5990-46d4-8022-1e86c52604b2",
          "title": "Sélecteur Css",
          "fullFile": "",
          "file": "",
          "beforeHooks": [],
          "afterHooks": [],
          "tests": [
            {
              "title": "Test date picker",
              "fullTitle": "Sélecteur Css Test date picker",
              "timedOut": null,
              "duration": 5263,
              "state": "passed",
              "speed": "medium",
              "pass": true,
              "fail": false,
              "pending": false,
              "context": null,
              "code": "const maDateDuJour = dateDuJour();\nconst maDateDuJourPlusDeux = dateDuJourPlusDeux();\ncy.log(\"La date du jour\", maDateDuJour);\ncy.log(\"La date du jour plus deux\", maDateDuJourPlusDeux);\ncy.get(\".oxd-sidepanel-body\").contains(\"My Info\").click();\ncy.get(\":nth-child(2) > .oxd-input-group > :nth-child(2) > .oxd-date-wrapper > .oxd-date-input > .oxd-input\").then(datePicker => {\n  cy.wrap(datePicker).clear().type(maDateDuJourPlusDeux);\n  cy.wrap(datePicker).should(\"have.value\", maDateDuJourPlusDeux);\n});",
              "err": {},
              "uuid": "18e45c60-9394-441a-9aff-b8612eab22f8",
              "parentUUID": "7d15fa72-5990-46d4-8022-1e86c52604b2",
              "isHook": false,
              "skipped": false
            }
          ],
          "suites": [],
          "passes": [
            "18e45c60-9394-441a-9aff-b8612eab22f8"
          ],
          "failures": [],
          "pending": [],
          "skipped": [],
          "duration": 5263,
          "root": false,
          "rootEmpty": false,
          "_timeout": 2000
        }
      ],
      "passes": [],
      "failures": [],
      "pending": [],
      "skipped": [],
      "duration": 0,
      "root": true,
      "rootEmpty": true,
      "_timeout": 2000
    }
  ],
  "meta": {
    "mocha": {
      "version": "7.0.1"
    },
    "mochawesome": {
      "options": {
        "quiet": false,
        "reportFilename": "mochawesome",
        "saveHtml": false,
        "saveJson": true,
        "consoleReporter": "spec",
        "useInlineDiffs": false,
        "code": true
      },
      "version": "7.1.3"
    },
    "marge": {
      "options": {
        "reportDir": "cypress/results/mochawesome",
        "overwrite": false,
        "html": false,
        "json": true
      },
      "version": "6.2.0"
    }
  }
}