{
  "stats": {
    "suites": 1,
    "tests": 1,
    "passes": 1,
    "pending": 0,
    "failures": 0,
    "start": "2023-08-01T17:17:36.647Z",
    "end": "2023-08-01T17:17:43.832Z",
    "duration": 7185,
    "testsRegistered": 1,
    "passPercent": 100,
    "pendingPercent": 0,
    "other": 0,
    "hasOther": false,
    "skipped": 0,
    "hasSkipped": false
  },
  "results": [
    {
      "uuid": "b34f472b-03e9-4566-b944-29233908233b",
      "title": "",
      "fullFile": "cypress/e2e/tableau.cy.js",
      "file": "cypress/e2e/tableau.cy.js",
      "beforeHooks": [],
      "afterHooks": [],
      "tests": [],
      "suites": [
        {
          "uuid": "7db51003-c539-4478-a597-a7b9be510da9",
          "title": "Test tableau",
          "fullFile": "",
          "file": "",
          "beforeHooks": [],
          "afterHooks": [],
          "tests": [
            {
              "title": "Suppression 1ère ligne",
              "fullTitle": "Test tableau Suppression 1ère ligne",
              "timedOut": null,
              "duration": 6169,
              "state": "passed",
              "speed": "medium",
              "pass": true,
              "fail": false,
              "pending": false,
              "context": null,
              "code": "pimmPo.accesPim();\npimmPo.selectionPremiereLigneTableau();\npimmPo.clickCaseACocher();\npimmPo.assertboutonDeleteVisible();\npimmPo.clickboutonDeletteTableau();\npimmPo.clickBoutonDelete();",
              "err": {},
              "uuid": "40c35815-8631-49f3-b5ad-809cb3a31336",
              "parentUUID": "7db51003-c539-4478-a597-a7b9be510da9",
              "isHook": false,
              "skipped": false
            }
          ],
          "suites": [],
          "passes": [
            "40c35815-8631-49f3-b5ad-809cb3a31336"
          ],
          "failures": [],
          "pending": [],
          "skipped": [],
          "duration": 6169,
          "root": false,
          "rootEmpty": false,
          "_timeout": 2000
        }
      ],
      "passes": [],
      "failures": [],
      "pending": [],
      "skipped": [],
      "duration": 0,
      "root": true,
      "rootEmpty": true,
      "_timeout": 2000
    }
  ],
  "meta": {
    "mocha": {
      "version": "7.0.1"
    },
    "mochawesome": {
      "options": {
        "quiet": false,
        "reportFilename": "mochawesome",
        "saveHtml": false,
        "saveJson": true,
        "consoleReporter": "spec",
        "useInlineDiffs": false,
        "code": true
      },
      "version": "7.1.3"
    },
    "marge": {
      "options": {
        "reportDir": "cypress/results/mochawesome",
        "overwrite": false,
        "html": false,
        "json": true
      },
      "version": "6.2.0"
    }
  }
}