{
  "stats": {
    "suites": 1,
    "tests": 1,
    "passes": 0,
    "pending": 0,
    "failures": 1,
    "start": "2023-07-31T17:49:37.043Z",
    "end": "2023-07-31T17:50:07.267Z",
    "duration": 30224,
    "testsRegistered": 1,
    "passPercent": 0,
    "pendingPercent": 0,
    "other": 0,
    "hasOther": false,
    "skipped": 0,
    "hasSkipped": false
  },
  "results": [
    {
      "uuid": "2fc9dbaa-2292-4938-85a7-21af348914e9",
      "title": "",
      "fullFile": "cypress/e2e/fnac.cy.js",
      "file": "cypress/e2e/fnac.cy.js",
      "beforeHooks": [],
      "afterHooks": [],
      "tests": [],
      "suites": [
        {
          "uuid": "ecbfd770-f1a1-4285-8044-d3d0b5bded39",
          "title": "Exemple de test avec gestion des erreurs",
          "fullFile": "",
          "file": "",
          "beforeHooks": [],
          "afterHooks": [],
          "tests": [
            {
              "title": "Verifie le titre de la page",
              "fullTitle": "Exemple de test avec gestion des erreurs Verifie le titre de la page",
              "timedOut": null,
              "duration": 30167,
              "state": "failed",
              "speed": null,
              "pass": false,
              "fail": true,
              "pending": false,
              "context": null,
              "code": "//   cy.title().should(\"include\", \"Support Form\");\n// cy.origin(\"https://www.fnacspectacles.com/\", () => {\ncy.visit(\"https://www.fnacspectacles.com\");\n// });\n// cy.visit(\"https://www.fnacspectacles.com/\", {\n//   defaultCommandTimeout: 20000,\n// });",
              "err": {
                "message": "CypressError: `cy.visit()` failed trying to load:\n\nhttps://www.fnacspectacles.com/\n\nWe attempted to make an http request to this URL but the request failed without a response.\n\nWe received this error at the network level:\n\n  > Error: ESOCKETTIMEDOUT\n\nCommon situations why this would fail:\n  - you don't have internet access\n  - you forgot to run / boot your web server\n  - your web server isn't accessible\n  - you have weird network configuration settings on your computer",
                "estack": "CypressError: `cy.visit()` failed trying to load:\n\nhttps://www.fnacspectacles.com/\n\nWe attempted to make an http request to this URL but the request failed without a response.\n\nWe received this error at the network level:\n\n  > Error: ESOCKETTIMEDOUT\n\nCommon situations why this would fail:\n  - you don't have internet access\n  - you forgot to run / boot your web server\n  - your web server isn't accessible\n  - you have weird network configuration settings on your computer\n    at <unknown> (http://localhost:51396/__cypress/runner/cypress_runner.js:147847:82)\n    at visitFailedByErr (http://localhost:51396/__cypress/runner/cypress_runner.js:147239:12)\n    at <unknown> (http://localhost:51396/__cypress/runner/cypress_runner.js:147846:11)\n    at tryCatcher (http://localhost:51396/__cypress/runner/cypress_runner.js:18744:23)\n    at Promise._settlePromiseFromHandler (http://localhost:51396/__cypress/runner/cypress_runner.js:16679:31)\n    at Promise._settlePromise (http://localhost:51396/__cypress/runner/cypress_runner.js:16736:18)\n    at Promise._settlePromise0 (http://localhost:51396/__cypress/runner/cypress_runner.js:16781:10)\n    at Promise._settlePromises (http://localhost:51396/__cypress/runner/cypress_runner.js:16857:18)\n    at _drainQueueStep (http://localhost:51396/__cypress/runner/cypress_runner.js:13451:12)\n    at _drainQueue (http://localhost:51396/__cypress/runner/cypress_runner.js:13444:9)\n    at ../../node_modules/bluebird/js/release/async.js.Async._drainQueues (http://localhost:51396/__cypress/runner/cypress_runner.js:13460:5)\n    at Async.drainQueues (http://localhost:51396/__cypress/runner/cypress_runner.js:13330:14)\nFrom Your Spec Code:\n    at Context.eval (webpack:///./cypress/e2e/fnac.cy.js:10:7)\n\nFrom Node.js Internals:\n  Error: ESOCKETTIMEDOUT\n      at ClientRequest.<anonymous> (<embedded>:1969:73407)\n      at Object.onceWrapper (node:events:641:28)\n      at ClientRequest.emit (node:events:527:28)\n      at TLSSocket.emitRequestTimeout (node:_http_client:771:9)\n      at Object.onceWrapper (node:events:641:28)\n      at TLSSocket.emit (node:events:539:35)\n      at Socket._onTimeout (node:net:516:8)\n      at listOnTimeout (node:internal/timers:559:17)\n      at process.processTimers (node:internal/timers:502:7)",
                "diff": null
              },
              "uuid": "4b5ad56c-487d-4bc8-81a3-1adc9e00f5dc",
              "parentUUID": "ecbfd770-f1a1-4285-8044-d3d0b5bded39",
              "isHook": false,
              "skipped": false
            }
          ],
          "suites": [],
          "passes": [],
          "failures": [
            "4b5ad56c-487d-4bc8-81a3-1adc9e00f5dc"
          ],
          "pending": [],
          "skipped": [],
          "duration": 30167,
          "root": false,
          "rootEmpty": false,
          "_timeout": 2000
        }
      ],
      "passes": [],
      "failures": [],
      "pending": [],
      "skipped": [],
      "duration": 0,
      "root": true,
      "rootEmpty": true,
      "_timeout": 2000
    }
  ],
  "meta": {
    "mocha": {
      "version": "7.0.1"
    },
    "mochawesome": {
      "options": {
        "quiet": false,
        "reportFilename": "mochawesome",
        "saveHtml": false,
        "saveJson": true,
        "consoleReporter": "spec",
        "useInlineDiffs": false,
        "code": true
      },
      "version": "7.1.3"
    },
    "marge": {
      "options": {
        "reportDir": "cypress/results/mochawesome",
        "overwrite": false,
        "html": false,
        "json": true
      },
      "version": "6.2.0"
    }
  }
}